2020-11-14 18:36:25,328 [main] INFO QA-Testing - *******> As a user i can open any browser <*******
2020-11-14 18:36:26,667 [main] INFO QA-Testing - *******> As a user i can enter the url <*******
2020-11-14 18:36:28,781 [main] INFO QA-Testing - *******> As a user i can enter the username <*******
2020-11-14 18:36:28,970 [main] INFO QA-Testing - *******> As a user i can enter the password <*******
2020-11-14 18:36:29,136 [main] INFO QA-Testing - *******> As a user i can click on login button <*******
2020-11-14 18:36:31,380 [main] INFO QA-Testing - *******> As a user i can verify the homepage <*******
2020-11-14 18:36:31,410 [main] INFO QA-Testing - *******> As a user i can logout the application <*******
2020-11-14 18:36:32,335 [main] INFO QA-Testing - *******> As a user i can verify the login title3 <*******
2020-11-14 18:36:32,473 [main] INFO QA-Testing - *******> As a user i can open any browser <*******
2020-11-14 18:36:33,871 [main] INFO QA-Testing - *******> As a user i can enter the url <*******
2020-11-14 18:36:34,704 [main] INFO QA-Testing - *******> As a user i can enter the username <*******
2020-11-14 18:36:34,884 [main] INFO QA-Testing - *******> As a user i can enter the password <*******
2020-11-14 18:36:35,047 [main] INFO QA-Testing - *******> As a user i can click on login button <*******
2020-11-14 18:36:36,592 [main] INFO QA-Testing - *******> As a user i can verify the homepage <*******
2020-11-14 18:36:36,613 [main] INFO QA-Testing - *******> As a user i can logout the application <*******
2020-11-14 18:36:37,625 [main] INFO QA-Testing - *******> As a user i can verify the login title3 <*******
2020-11-14 19:24:40,185 [main] INFO QA-Mohammed - *******> As a user i can open any browser <*******
2020-11-14 19:24:41,643 [main] INFO QA-Mohammed - *******> As a user i can enter the url <*******
2020-11-14 19:24:43,176 [main] INFO QA-Mohammed - *******> As a user i can enter the username <*******
2020-11-14 19:24:43,372 [main] INFO QA-Mohammed - *******> As a user i can enter the password <*******
2020-11-14 19:24:43,535 [main] INFO QA-Mohammed - *******> As a user i can click on login button <*******
2020-11-14 19:24:45,199 [main] INFO QA-Mohammed - *******> As a user i can verify the homepage <*******
2020-11-14 19:24:45,229 [main] INFO QA-Mohammed - *******> As a user i can logout the application <*******
2020-11-14 19:24:46,471 [main] INFO QA-Mohammed - *******> As a user i can verify the login title3 <*******
2020-11-14 19:24:46,586 [main] INFO QA-Mohammed - *******> As a user i can open any browser <*******
2020-11-14 19:24:47,901 [main] INFO QA-Mohammed - *******> As a user i can enter the url <*******
2020-11-14 19:24:49,817 [main] INFO QA-Mohammed - *******> As a user i can enter the username <*******
2020-11-14 19:24:50,021 [main] INFO QA-Mohammed - *******> As a user i can enter the password <*******
2020-11-14 19:24:50,213 [main] INFO QA-Mohammed - *******> As a user i can click on login button <*******
2020-11-14 19:24:52,877 [main] INFO QA-Mohammed - *******> As a user i can verify the homepage <*******
2020-11-14 19:24:52,898 [main] INFO QA-Mohammed - *******> As a user i can logout the application <*******
2020-11-14 19:24:54,290 [main] INFO QA-Mohammed - *******> As a user i can verify the login title3 <*******
2020-11-14 19:25:21,284 [main] INFO QA-Mohammed - *******> As a user i can open any browser <*******
2020-11-14 19:25:22,855 [main] INFO QA-Mohammed - *******> As a user i can enter the url <*******
2020-11-14 19:25:24,690 [main] INFO QA-Mohammed - *******> As a user i can enter the username <*******
2020-11-14 19:25:24,931 [main] INFO QA-Mohammed - *******> As a user i can enter the password <*******
2020-11-14 19:25:25,190 [main] INFO QA-Mohammed - *******> As a user i can click on login button <*******
2020-11-14 19:25:27,000 [main] INFO QA-Mohammed - *******> As a user i can verify the homepage <*******
2020-11-14 19:25:27,058 [main] INFO QA-Mohammed - *******> As a user i can logout the application <*******
2020-11-14 19:25:27,949 [main] INFO QA-Mohammed - *******> As a user i can verify the login title3 <*******
2020-11-14 19:25:28,065 [main] INFO QA-Mohammed - *******> As a user i can open any browser <*******
2020-11-14 19:25:29,848 [main] INFO QA-Mohammed - *******> As a user i can enter the url <*******
2020-11-14 19:25:31,302 [main] INFO QA-Mohammed - *******> As a user i can enter the username <*******
2020-11-14 19:25:31,554 [main] INFO QA-Mohammed - *******> As a user i can enter the password <*******
2020-11-14 19:25:31,742 [main] INFO QA-Mohammed - *******> As a user i can click on login button <*******
2020-11-14 19:25:34,105 [main] INFO QA-Mohammed - *******> As a user i can verify the homepage <*******
2020-11-14 19:25:34,186 [main] INFO QA-Mohammed - *******> As a user i can logout the application <*******
2020-11-14 19:25:35,083 [main] INFO QA-Mohammed - *******> As a user i can verify the login title3 <*******
2020-11-14 19:28:51,028 [main] INFO QA-Mohammed - *******> As a user i can open any browser <*******
2020-11-14 19:28:51,042 [main] INFO QA-Mohammed - *******> As a user i can open any browser <*******
2020-11-14 19:31:16,663 [main] INFO QA-Mohammed - *******> As a user i can open any browser <*******
2020-11-14 19:31:16,672 [main] INFO QA-Mohammed - *******> As a user i can open any browser <*******
2020-11-14 19:32:19,984 [main] INFO QA-Mohammed - *******> As a user i can open any browser <*******
2020-11-14 19:32:19,995 [main] INFO QA-Mohammed - *******> As a user i can open any browser <*******
2020-11-14 19:33:21,042 [main] INFO QA-Mohammed - *******> As a user i can open any browser <*******
2020-11-14 19:33:21,053 [main] INFO QA-Mohammed - *******> As a user i can open any browser <*******
2020-11-14 19:50:25,479 [main] INFO PMCS - *******> As a user i can open any browser <*******
2020-11-14 19:50:25,491 [main] INFO PMCS - *******> As a user i can open any browser <*******
2020-11-14 19:50:25,496 [main] INFO PMCS - *******> As a user i can open any browser <*******
2020-11-14 19:50:25,502 [main] INFO PMCS - *******> As a user i can open any browser <*******
2020-11-14 19:50:25,507 [main] INFO PMCS - *******> As a user i can open any browser <*******
2020-11-14 19:51:51,707 [main] INFO PMCS - *******> As a user i can open any browser <*******
2020-11-14 19:51:53,259 [main] INFO PMCS - *******> As a user i can enter the url <*******
2020-11-14 19:51:55,698 [main] INFO PMCS - *******> As a user i can enter the username <*******
2020-11-14 19:51:55,888 [main] INFO PMCS - *******> As a user i can enter the password <*******
2020-11-14 19:51:56,022 [main] INFO PMCS - *******> As a user i can click on login button <*******
2020-11-14 19:51:58,155 [main] INFO PMCS - *******> As a user i can verify the homepage <*******
2020-11-14 19:51:58,178 [main] INFO PMCS - *******> As a user i can logout the application <*******
2020-11-14 19:51:59,018 [main] INFO PMCS - *******> As a user i can verify the login title3 <*******
2020-11-14 19:51:59,145 [main] INFO PMCS - *******> As a user i can open any browser <*******
2020-11-14 19:52:00,610 [main] INFO PMCS - *******> As a user i can enter the url <*******
2020-11-14 19:52:02,990 [main] INFO PMCS - *******> As a user i can enter the username <*******
2020-11-14 19:52:03,110 [main] INFO PMCS - *******> As a user i can enter the password <*******
2020-11-14 19:52:03,191 [main] INFO PMCS - *******> As a user i can click on login button <*******
2020-11-14 19:52:05,240 [main] INFO PMCS - *******> As a user i can verify the homepage <*******
2020-11-14 19:52:05,258 [main] INFO PMCS - *******> As a user i can logout the application <*******
2020-11-14 19:52:06,161 [main] INFO PMCS - *******> As a user i can verify the login title3 <*******
2020-11-14 19:52:06,273 [main] INFO PMCS - *******> As a user i can open any browser <*******
2020-11-14 19:52:06,278 [main] INFO PMCS - *******> As a user i can open any browser <*******
2020-11-14 19:52:06,282 [main] INFO PMCS - *******> As a user i can open any browser <*******
2020-11-14 19:52:27,079 [main] INFO PMCS - *******> As a user i can open any browser <*******
2020-11-14 19:52:27,087 [main] INFO PMCS - *******> As a user i can open any browser <*******
2020-11-14 19:53:05,456 [main] INFO PMCS - *******> As a user i can open any browser <*******
2020-11-14 19:53:05,478 [main] INFO PMCS - *******> As a user i can enter the url <*******
2020-11-14 19:53:05,482 [main] INFO PMCS - *******> As a user i can open any browser <*******
2020-11-14 19:53:05,485 [main] INFO PMCS - *******> As a user i can enter the url <*******
2020-11-14 19:55:05,062 [main] INFO PMCS - *******> As a user i can open any browser <*******
2020-11-14 19:55:05,085 [main] INFO PMCS - *******> As a user i can enter the url <*******
2020-11-14 19:55:05,090 [main] INFO PMCS - *******> As a user i can open any browser <*******
2020-11-14 19:55:05,092 [main] INFO PMCS - *******> As a user i can enter the url <*******
2020-11-14 19:58:07,784 [main] INFO PMCS - *******> As a user i can open any browser <*******
2020-11-14 19:58:07,793 [main] INFO PMCS - *******> As a user i can open any browser <*******
2020-11-14 19:58:38,857 [main] INFO PMCS - *******> As a user i can open any browser <*******
2020-11-14 19:58:38,866 [main] INFO PMCS - *******> As a user i can open any browser <*******
2020-11-14 19:59:05,326 [main] INFO PMCS - *******> As a user i can open any browser <*******
2020-11-14 19:59:06,580 [main] INFO PMCS - *******> As a user i can enter the url <*******
2020-11-14 19:59:08,717 [main] INFO PMCS - *******> As a user i can enter the username <*******
2020-11-14 19:59:08,874 [main] INFO PMCS - *******> As a user i can enter the password <*******
2020-11-14 19:59:09,024 [main] INFO PMCS - *******> As a user i can click on login button <*******
2020-11-14 19:59:11,256 [main] INFO PMCS - *******> As a user i can verify the homepage <*******
2020-11-14 19:59:11,280 [main] INFO PMCS - *******> As a user i can logout the application <*******
2020-11-14 19:59:12,537 [main] INFO PMCS - *******> As a user i can verify the login title3 <*******
2020-11-14 19:59:12,638 [main] INFO PMCS - *******> As a user i can open any browser <*******
2020-11-14 19:59:13,750 [main] INFO PMCS - *******> As a user i can enter the url <*******
2020-11-14 19:59:15,533 [main] INFO PMCS - *******> As a user i can enter the username <*******
2020-11-14 19:59:15,694 [main] INFO PMCS - *******> As a user i can enter the password <*******
2020-11-14 19:59:15,840 [main] INFO PMCS - *******> As a user i can click on login button <*******
2020-11-14 19:59:17,961 [main] INFO PMCS - *******> As a user i can verify the homepage <*******
2020-11-14 19:59:17,982 [main] INFO PMCS - *******> As a user i can logout the application <*******
2020-11-14 19:59:18,902 [main] INFO PMCS - *******> As a user i can verify the login title3 <*******
2020-11-14 20:00:10,701 [main] INFO PMCS - *******> As a user i can open any browser <*******
2020-11-14 20:00:11,908 [main] INFO PMCS - *******> As a user i can enter the url <*******
2020-11-14 20:00:12,732 [main] INFO PMCS - *******> As a user i can enter the username <*******
2020-11-14 20:00:12,895 [main] INFO PMCS - *******> As a user i can enter the password <*******
2020-11-14 20:00:13,043 [main] INFO PMCS - *******> As a user i can click on login button <*******
2020-11-14 20:00:14,667 [main] INFO PMCS - *******> As a user i can verify the homepage <*******
2020-11-14 20:00:14,695 [main] INFO PMCS - *******> As a user i can logout the application <*******
2020-11-14 20:00:15,589 [main] INFO PMCS - *******> As a user i can verify the login title3 <*******
2020-11-14 20:00:15,701 [main] INFO PMCS - *******> As a user i can open any browser <*******
2020-11-14 20:00:16,918 [main] INFO PMCS - *******> As a user i can enter the url <*******
2020-11-14 20:00:18,443 [main] INFO PMCS - *******> As a user i can enter the username <*******
2020-11-14 20:00:18,608 [main] INFO PMCS - *******> As a user i can enter the password <*******
2020-11-14 20:00:18,710 [main] INFO PMCS - *******> As a user i can click on login button <*******
2020-11-14 20:00:21,294 [main] INFO PMCS - *******> As a user i can verify the homepage <*******
2020-11-14 20:00:21,317 [main] INFO PMCS - *******> As a user i can logout the application <*******
2020-11-14 20:00:21,414 [main] INFO PMCS - *******> As a user i can verify the login title3 <*******
2020-11-14 20:00:38,581 [main] INFO PMCS - *******> As a user i can open any browser <*******
2020-11-14 20:00:40,008 [main] INFO PMCS - *******> As a user i can enter the url <*******
2020-11-14 20:00:41,950 [main] INFO PMCS - *******> As a user i can enter the username <*******
2020-11-14 20:00:42,139 [main] INFO PMCS - *******> As a user i can enter the password <*******
2020-11-14 20:00:42,285 [main] INFO PMCS - *******> As a user i can click on login button <*******
2020-11-14 20:00:44,736 [main] INFO PMCS - *******> As a user i can verify the homepage <*******
2020-11-14 20:00:44,866 [main] INFO PMCS - *******> As a user i can logout the application <*******
2020-11-14 20:00:45,778 [main] INFO PMCS - *******> As a user i can verify the login title3 <*******
2020-11-14 20:00:45,899 [main] INFO PMCS - *******> As a user i can open any browser <*******
2020-11-14 20:00:47,432 [main] INFO PMCS - *******> As a user i can enter the url <*******
2020-11-14 20:00:49,486 [main] INFO PMCS - *******> As a user i can enter the username <*******
2020-11-14 20:00:49,687 [main] INFO PMCS - *******> As a user i can enter the password <*******
2020-11-14 20:00:49,822 [main] INFO PMCS - *******> As a user i can click on login button <*******
2020-11-14 20:00:52,302 [main] INFO PMCS - *******> As a user i can verify the homepage <*******
2020-11-14 20:00:52,362 [main] INFO PMCS - *******> As a user i can logout the application <*******
2020-11-14 20:00:53,247 [main] INFO PMCS - *******> As a user i can verify the login title3 <*******
2020-11-14 20:02:00,314 [main] INFO PMCS - *******> As a user i can open any browser <*******
2020-11-14 20:02:01,657 [main] INFO PMCS - *******> As a user i can enter the url <*******
2020-11-14 20:02:03,695 [main] INFO PMCS - *******> As a user i can enter the username <*******
2020-11-14 20:02:03,861 [main] INFO PMCS - *******> As a user i can enter the password <*******
2020-11-14 20:02:04,005 [main] INFO PMCS - *******> As a user i can click on login button <*******
2020-11-14 20:02:06,461 [main] INFO PMCS - *******> As a user i can verify the homepage <*******
2020-11-14 20:02:06,489 [main] INFO PMCS - *******> As a user i can logout the application <*******
2020-11-14 20:02:07,382 [main] INFO PMCS - *******> As a user i can verify the login title3 <*******
2020-11-14 20:02:07,508 [main] INFO PMCS - *******> As a user i can open any browser <*******
2020-11-14 20:02:08,855 [main] INFO PMCS - *******> As a user i can enter the url <*******
2020-11-14 20:02:10,733 [main] INFO PMCS - *******> As a user i can enter the username <*******
2020-11-14 20:02:10,897 [main] INFO PMCS - *******> As a user i can enter the password <*******
2020-11-14 20:02:11,039 [main] INFO PMCS - *******> As a user i can click on login button <*******
2020-11-14 20:02:13,225 [main] INFO PMCS - *******> As a user i can verify the homepage <*******
2020-11-14 20:02:13,243 [main] INFO PMCS - *******> As a user i can logout the application <*******
2020-11-14 20:02:14,463 [main] INFO PMCS - *******> As a user i can verify the login title3 <*******
2020-11-14 20:03:17,837 [main] INFO PMCS - *******> As a user i can open any browser <*******
2020-11-14 20:03:17,846 [main] INFO PMCS - *******> As a user i can open any browser <*******
2020-11-14 20:04:01,313 [main] INFO PMCS - *******> As a user i can open any browser <*******
2020-11-14 20:04:06,431 [main] INFO PMCS - *******> As a user i can enter the url <*******
2020-11-14 20:04:08,491 [main] INFO PMCS - *******> As a user i can enter the username <*******
2020-11-14 20:04:08,589 [main] INFO PMCS - *******> As a user i can enter the password <*******
2020-11-14 20:04:08,647 [main] INFO PMCS - *******> As a user i can click on login button <*******
2020-11-14 20:04:12,111 [main] INFO PMCS - *******> As a user i can verify the homepage <*******
2020-11-14 20:04:12,183 [main] INFO PMCS - *******> As a user i can logout the application <*******
2020-11-14 20:04:13,033 [main] INFO PMCS - *******> As a user i can verify the login title3 <*******
2020-11-14 20:04:13,662 [main] INFO PMCS - *******> As a user i can open any browser <*******
2020-11-14 20:04:16,841 [main] INFO PMCS - *******> As a user i can enter the url <*******
2020-11-14 20:04:18,572 [main] INFO PMCS - *******> As a user i can enter the username <*******
2020-11-14 20:04:18,655 [main] INFO PMCS - *******> As a user i can enter the password <*******
2020-11-14 20:04:18,720 [main] INFO PMCS - *******> As a user i can click on login button <*******
2020-11-14 20:04:21,620 [main] INFO PMCS - *******> As a user i can verify the homepage <*******
2020-11-14 20:04:21,654 [main] INFO PMCS - *******> As a user i can logout the application <*******
2020-11-14 20:04:22,488 [main] INFO PMCS - *******> As a user i can verify the login title3 <*******
2020-11-14 20:05:31,532 [main] INFO PMCS - *******> As a user i can open any browser <*******
2020-11-14 20:05:34,474 [main] INFO PMCS - *******> As a user i can enter the url <*******
2020-11-14 20:05:36,654 [main] INFO PMCS - *******> As a user i can enter the username <*******
2020-11-14 20:05:36,742 [main] INFO PMCS - *******> As a user i can enter the password <*******
2020-11-14 20:05:36,810 [main] INFO PMCS - *******> As a user i can click on login button <*******
2020-11-14 20:05:40,034 [main] INFO PMCS - *******> As a user i can verify the homepage <*******
2020-11-14 20:05:40,118 [main] INFO PMCS - *******> As a user i can logout the application <*******
2020-11-14 20:05:40,970 [main] INFO PMCS - *******> As a user i can verify the login title3 <*******
2020-11-14 20:05:41,584 [main] INFO PMCS - *******> As a user i can open any browser <*******
2020-11-14 20:05:44,562 [main] INFO PMCS - *******> As a user i can enter the url <*******
2020-11-14 20:05:46,145 [main] INFO PMCS - *******> As a user i can enter the username <*******
2020-11-14 20:05:46,225 [main] INFO PMCS - *******> As a user i can enter the password <*******
2020-11-14 20:05:46,290 [main] INFO PMCS - *******> As a user i can click on login button <*******
2020-11-14 20:05:48,737 [main] INFO PMCS - *******> As a user i can verify the homepage <*******
2020-11-14 20:05:48,822 [main] INFO PMCS - *******> As a user i can logout the application <*******
2020-11-14 20:05:49,943 [main] INFO PMCS - *******> As a user i can verify the login title3 <*******
2020-11-14 20:09:11,555 [main] INFO PMCS - *******> As a user i can open any browser <*******
2020-11-14 20:09:12,938 [main] INFO PMCS - *******> As a user i can enter the url <*******
2020-11-14 20:09:15,407 [main] INFO PMCS - *******> As a user i can enter the username <*******
2020-11-14 20:09:15,574 [main] INFO PMCS - *******> As a user i can enter the password <*******
2020-11-14 20:09:15,723 [main] INFO PMCS - *******> As a user i can click on login button <*******
2020-11-14 20:09:18,515 [main] INFO PMCS - *******> As a user i can verify the homepage <*******
2020-11-14 20:09:18,538 [main] INFO PMCS - *******> As a user i can logout the application <*******
2020-11-14 20:09:19,523 [main] INFO PMCS - *******> As a user i can verify the login title3 <*******
2020-11-14 20:09:19,636 [main] INFO PMCS - *******> As a user i can open any browser <*******
2020-11-14 20:09:20,982 [main] INFO PMCS - *******> As a user i can enter the url <*******
2020-11-14 20:09:22,770 [main] INFO PMCS - *******> As a user i can enter the username <*******
2020-11-14 20:09:22,935 [main] INFO PMCS - *******> As a user i can enter the password <*******
2020-11-14 20:09:23,075 [main] INFO PMCS - *******> As a user i can click on login button <*******
2020-11-14 20:09:26,247 [main] INFO PMCS - *******> As a user i can verify the homepage <*******
2020-11-14 20:09:26,268 [main] INFO PMCS - *******> As a user i can logout the application <*******
2020-11-14 20:09:27,258 [main] INFO PMCS - *******> As a user i can verify the login title3 <*******
2020-11-14 20:18:25,725 [main] INFO PMCS - *******> As a user i can open any browser <*******
2020-11-14 20:18:27,067 [main] INFO PMCS - *******> As a user i can enter the url <*******
2020-11-14 20:18:28,755 [main] INFO PMCS - *******> As a user i can enter the username <*******
2020-11-14 20:18:28,908 [main] INFO PMCS - *******> As a user i can enter the password <*******
2020-11-14 20:18:29,052 [main] INFO PMCS - *******> As a user i can click on login button <*******
2020-11-14 20:18:31,336 [main] INFO PMCS - *******> As a user i can verify the homepage <*******
2020-11-14 20:18:31,365 [main] INFO PMCS - *******> As a user i can logout the application <*******
2020-11-14 20:18:32,280 [main] INFO PMCS - *******> As a user i can verify the login title3 <*******
2020-11-14 20:18:32,389 [main] INFO PMCS - *******> As a user i can open any browser <*******
2020-11-14 20:18:33,726 [main] INFO PMCS - *******> As a user i can enter the url <*******
2020-11-14 20:18:35,800 [main] INFO PMCS - *******> As a user i can enter the username <*******
2020-11-14 20:18:35,962 [main] INFO PMCS - *******> As a user i can enter the password <*******
2020-11-14 20:18:36,104 [main] INFO PMCS - *******> As a user i can click on login button <*******
2020-11-14 20:18:37,706 [main] INFO PMCS - *******> As a user i can verify the homepage <*******
2020-11-14 20:18:37,724 [main] INFO PMCS - *******> As a user i can logout the application <*******
2020-11-14 20:18:38,600 [main] INFO PMCS - *******> As a user i can verify the login title3 <*******
2020-11-14 20:19:34,970 [main] INFO PMCS - *******> As a user i can open any browser <*******
2020-11-14 20:19:36,291 [main] INFO PMCS - *******> As a user i can enter the url <*******
2020-11-14 20:19:38,294 [main] INFO PMCS - *******> As a user i can enter the username <*******
2020-11-14 20:19:38,457 [main] INFO PMCS - *******> As a user i can enter the password <*******
2020-11-14 20:19:38,596 [main] INFO PMCS - *******> As a user i can click on login button <*******
2020-11-14 20:19:40,609 [main] INFO PMCS - *******> As a user i can verify the homepage <*******
2020-11-14 20:19:40,637 [main] INFO PMCS - *******> As a user i can logout the application <*******
2020-11-14 20:19:41,552 [main] INFO PMCS - *******> As a user i can verify the login title3 <*******
2020-11-14 20:19:41,659 [main] INFO PMCS - *******> As a user i can open any browser <*******
2020-11-14 20:19:42,857 [main] INFO PMCS - *******> As a user i can enter the url <*******
2020-11-14 20:19:44,741 [main] INFO PMCS - *******> As a user i can enter the username <*******
2020-11-14 20:19:44,893 [main] INFO PMCS - *******> As a user i can enter the password <*******
2020-11-14 20:19:45,040 [main] INFO PMCS - *******> As a user i can click on login button <*******
2020-11-14 20:19:47,337 [main] INFO PMCS - *******> As a user i can verify the homepage <*******
2020-11-14 20:19:47,422 [main] INFO PMCS - *******> As a user i can logout the application <*******
2020-11-14 20:19:48,332 [main] INFO PMCS - *******> As a user i can verify the login title3 <*******
2020-11-14 20:22:14,688 [main] INFO PMCS - *******> As a user i can open any browser <*******
2020-11-14 20:22:15,934 [main] INFO PMCS - *******> As a user i can enter the url <*******
2020-11-14 20:22:17,917 [main] INFO PMCS - *******> As a user i can enter the username <*******
2020-11-14 20:22:18,074 [main] INFO PMCS - *******> As a user i can enter the password <*******
2020-11-14 20:22:18,216 [main] INFO PMCS - *******> As a user i can click on login button <*******
2020-11-14 20:22:20,385 [main] INFO PMCS - *******> As a user i can verify the homepage <*******
2020-11-14 20:22:20,411 [main] INFO PMCS - *******> As a user i can logout the application <*******
2020-11-14 20:22:21,591 [main] INFO PMCS - *******> As a user i can verify the login title3 <*******
2020-11-14 20:22:21,715 [main] INFO PMCS - *******> As a user i can open any browser <*******
2020-11-14 20:22:23,016 [main] INFO PMCS - *******> As a user i can enter the url <*******
2020-11-14 20:22:23,875 [main] INFO PMCS - *******> As a user i can enter the username <*******
2020-11-14 20:22:24,034 [main] INFO PMCS - *******> As a user i can enter the password <*******
2020-11-14 20:22:24,174 [main] INFO PMCS - *******> As a user i can click on login button <*******
2020-11-14 20:22:25,643 [main] INFO PMCS - *******> As a user i can verify the homepage <*******
2020-11-14 20:22:25,660 [main] INFO PMCS - *******> As a user i can logout the application <*******
2020-11-14 20:22:26,491 [main] INFO PMCS - *******> As a user i can verify the login title3 <*******
2020-11-14 20:22:32,594 [main] INFO PMCS - *******> As a user i can open any browser <*******
2020-11-14 20:22:33,915 [main] INFO PMCS - *******> As a user i can enter the url <*******
2020-11-14 20:22:35,286 [main] INFO PMCS - *******> As a user i can enter the username <*******
2020-11-14 20:22:35,442 [main] INFO PMCS - *******> As a user i can enter the password <*******
2020-11-14 20:22:35,584 [main] INFO PMCS - *******> As a user i can click on login button <*******
2020-11-14 20:22:37,352 [main] INFO PMCS - *******> As a user i can verify the homepage <*******
2020-11-14 20:22:37,368 [main] INFO PMCS - *******> As a user i can logout the application <*******
2020-11-14 20:22:38,293 [main] INFO PMCS - *******> As a user i can verify the login title3 <*******
2020-11-14 20:22:38,426 [main] INFO PMCS - *******> As a user i can open any browser <*******
2020-11-14 20:22:39,717 [main] INFO PMCS - *******> As a user i can enter the url <*******
2020-11-14 20:22:40,903 [main] INFO PMCS - *******> As a user i can enter the username <*******
2020-11-14 20:22:41,064 [main] INFO PMCS - *******> As a user i can enter the password <*******
2020-11-14 20:22:41,207 [main] INFO PMCS - *******> As a user i can click on login button <*******
2020-11-14 20:22:42,869 [main] INFO PMCS - *******> As a user i can verify the homepage <*******
2020-11-14 20:22:42,886 [main] INFO PMCS - *******> As a user i can logout the application <*******
2020-11-14 20:22:43,818 [main] INFO PMCS - *******> As a user i can verify the login title3 <*******
2020-11-14 20:24:34,046 [main] INFO PMCS - *******> As a user i can open any browser <*******
2020-11-14 20:24:35,395 [main] INFO PMCS - *******> As a user i can enter the url <*******
2020-11-14 20:24:36,233 [main] INFO PMCS - *******> As a user i can enter the username <*******
2020-11-14 20:24:36,433 [main] INFO PMCS - *******> As a user i can enter the password <*******
2020-11-14 20:24:36,567 [main] INFO PMCS - *******> As a user i can click on login button <*******
2020-11-14 20:24:38,102 [main] INFO PMCS - *******> As a user i can verify the homepage <*******
2020-11-14 20:24:38,127 [main] INFO PMCS - *******> As a user i can logout the application <*******
2020-11-14 20:24:39,018 [main] INFO PMCS - *******> As a user i can verify the login title3 <*******
2020-11-14 20:24:39,140 [main] INFO PMCS - *******> As a user i can open any browser <*******
2020-11-14 20:24:40,442 [main] INFO PMCS - *******> As a user i can enter the url <*******
2020-11-14 20:24:42,498 [main] INFO PMCS - *******> As a user i can enter the username <*******
2020-11-14 20:24:42,657 [main] INFO PMCS - *******> As a user i can enter the password <*******
2020-11-14 20:24:42,797 [main] INFO PMCS - *******> As a user i can click on login button <*******
2020-11-14 20:24:45,294 [main] INFO PMCS - *******> As a user i can verify the homepage <*******
2020-11-14 20:24:45,314 [main] INFO PMCS - *******> As a user i can logout the application <*******
2020-11-14 20:24:46,738 [main] INFO PMCS - *******> As a user i can verify the login title3 <*******
2020-11-21 17:14:19,110 [main] INFO PMCS - *******> As a user i can open any browser <*******
2020-11-21 17:14:19,139 [main] INFO PMCS - *******> As a user i can open any browser <*******
2020-11-21 17:45:07,496 [main] INFO PMCS - *******> As a user i can open any browser <*******
2020-11-21 17:45:07,510 [main] INFO PMCS - *******> As a user i can open any browser <*******
2020-11-21 17:46:31,878 [main] INFO PMCS - *******> As a user i can open any browser <*******
2020-11-21 17:46:48,516 [main] INFO PMCS - *******> As a user i can enter the url <*******
2020-11-21 17:46:50,863 [main] INFO PMCS - *******> As a user i can enter the username <*******
2020-11-21 17:46:51,233 [main] INFO PMCS - *******> As a user i can enter the password <*******
2020-11-21 17:46:51,374 [main] INFO PMCS - *******> As a user i can click on login button <*******
2020-11-21 17:47:04,935 [main] INFO PMCS - *******> As a user i can verify the homepage <*******
2020-11-21 17:47:04,978 [main] INFO PMCS - *******> As a user i can logout the application <*******
2020-11-21 17:47:06,575 [main] INFO PMCS - *******> As a user i can verify the login title3 <*******
2020-11-21 17:47:07,236 [main] INFO PMCS - *******> As a user i can open any browser <*******
2020-11-21 17:47:22,570 [main] INFO PMCS - *******> As a user i can enter the url <*******
2020-11-21 17:47:24,619 [main] INFO PMCS - *******> As a user i can enter the username <*******
2020-11-21 17:47:24,746 [main] INFO PMCS - *******> As a user i can enter the password <*******
2020-11-21 17:47:24,880 [main] INFO PMCS - *******> As a user i can click on login button <*******
2020-11-21 17:47:26,679 [main] INFO PMCS - *******> As a user i can verify the homepage <*******
2020-11-21 17:47:26,694 [main] INFO PMCS - *******> As a user i can logout the application <*******
2020-11-21 17:47:26,762 [main] INFO PMCS - *******> As a user i can verify the login title3 <*******
2020-11-21 17:50:32,890 [main] INFO PMCS - *******> As a user i can open any browser <*******
2020-11-21 17:50:48,330 [main] INFO PMCS - *******> As a user i can enter the url <*******
2020-11-21 17:50:50,470 [main] INFO PMCS - *******> As a user i can enter the username <*******
2020-11-21 17:50:50,631 [main] INFO PMCS - *******> As a user i can enter the password <*******
2020-11-21 17:50:50,759 [main] INFO PMCS - *******> As a user i can click on login button <*******
2020-11-21 17:50:52,650 [main] INFO PMCS - *******> As a user i can verify the homepage <*******
2020-11-21 17:50:52,677 [main] INFO PMCS - *******> As a user i can logout the application <*******
2020-11-21 17:50:54,283 [main] INFO PMCS - *******> As a user i can verify the login title3 <*******
2020-11-21 17:50:54,916 [main] INFO PMCS - *******> As a user i can open any browser <*******
2020-11-21 17:51:10,419 [main] INFO PMCS - *******> As a user i can enter the url <*******
2020-11-21 17:51:11,844 [main] INFO PMCS - *******> As a user i can enter the username <*******
2020-11-21 17:51:12,014 [main] INFO PMCS - *******> As a user i can enter the password <*******
2020-11-21 17:51:12,140 [main] INFO PMCS - *******> As a user i can click on login button <*******
2020-11-21 17:51:14,339 [main] INFO PMCS - *******> As a user i can verify the homepage <*******
2020-11-21 17:51:14,391 [main] INFO PMCS - *******> As a user i can logout the application <*******
2020-11-21 17:51:15,721 [main] INFO PMCS - *******> As a user i can verify the login title3 <*******
2020-11-21 18:12:38,749 [main] INFO PMCS - *******> As a user i can open any browser <*******
2020-11-21 18:12:54,315 [main] INFO PMCS - *******> As a user i can enter the url <*******
2020-11-21 18:13:20,426 [main] INFO PMCS - *******> As a user i can enter the username <*******
2020-11-21 18:13:20,585 [main] INFO PMCS - *******> As a user i can enter the password <*******
2020-11-21 18:13:20,720 [main] INFO PMCS - *******> As a user i can click on login button <*******
2020-11-21 18:13:33,201 [main] INFO PMCS - *******> As a user i can open any browser <*******
2020-11-21 18:13:49,486 [main] INFO PMCS - *******> As a user i can enter the url <*******
2020-11-21 18:13:50,531 [main] INFO PMCS - *******> As a user i can enter the username <*******
2020-11-21 18:13:50,692 [main] INFO PMCS - *******> As a user i can enter the password <*******
2020-11-21 18:13:50,821 [main] INFO PMCS - *******> As a user i can click on login button <*******
2020-11-21 18:17:47,358 [main] INFO PMCS - *******> As a user i can open any browser <*******
2020-11-21 18:18:02,698 [main] INFO PMCS - *******> As a user i can enter the url <*******
2020-11-21 18:18:04,718 [main] INFO PMCS - *******> As a user i can enter the username <*******
2020-11-21 18:18:04,890 [main] INFO PMCS - *******> As a user i can enter the password <*******
2020-11-21 18:18:05,016 [main] INFO PMCS - *******> As a user i can click on login button <*******
2020-11-21 18:18:07,724 [main] INFO PMCS - *******> As a user i can verify the homepage <*******
2020-11-21 18:18:07,756 [main] INFO PMCS - *******> As a user i can logout the application <*******
2020-11-21 18:18:09,006 [main] INFO PMCS - *******> As a user i can verify the login title3 <*******
2020-11-21 18:18:10,449 [main] INFO PMCS - *******> As a user i can open any browser <*******
2020-11-21 18:18:25,735 [main] INFO PMCS - *******> As a user i can enter the url <*******
2020-11-21 18:18:27,239 [main] INFO PMCS - *******> As a user i can enter the username <*******
2020-11-21 18:18:27,387 [main] INFO PMCS - *******> As a user i can enter the password <*******
2020-11-21 18:18:27,513 [main] INFO PMCS - *******> As a user i can click on login button <*******
2020-11-21 18:18:30,242 [main] INFO PMCS - *******> As a user i can verify the homepage <*******
2020-11-21 18:18:30,260 [main] INFO PMCS - *******> As a user i can logout the application <*******
2020-11-21 18:18:31,538 [main] INFO PMCS - *******> As a user i can verify the login title3 <*******
2020-11-21 18:22:16,482 [main] INFO PMCS - *******> As a user i can open any browser <*******
2020-11-21 18:22:31,748 [main] INFO PMCS - *******> As a user i can enter the url <*******
2020-11-21 18:22:33,311 [main] INFO PMCS - *******> As a user i can enter the username <*******
2020-11-21 18:22:33,459 [main] INFO PMCS - *******> As a user i can enter the password <*******
2020-11-21 18:22:33,584 [main] INFO PMCS - *******> As a user i can click on login button <*******
2020-11-21 18:22:37,861 [main] INFO PMCS - *******> As a user i can verify the homepage <*******
2020-11-21 18:22:37,891 [main] INFO PMCS - *******> As a user i can logout the application <*******
2020-11-21 18:22:39,588 [main] INFO PMCS - *******> As a user i can verify the login title3 <*******
2020-11-21 18:22:40,952 [main] INFO PMCS - *******> As a user i can open any browser <*******
2020-11-21 18:22:56,432 [main] INFO PMCS - *******> As a user i can enter the url <*******
2020-11-21 18:22:58,043 [main] INFO PMCS - *******> As a user i can enter the username <*******
2020-11-21 18:22:58,196 [main] INFO PMCS - *******> As a user i can enter the password <*******
2020-11-21 18:22:58,324 [main] INFO PMCS - *******> As a user i can click on login button <*******
2020-11-21 18:23:01,012 [main] INFO PMCS - *******> As a user i can verify the homepage <*******
2020-11-21 18:23:01,031 [main] INFO PMCS - *******> As a user i can logout the application <*******
2020-11-21 18:23:04,036 [main] INFO PMCS - *******> As a user i can verify the login title3 <*******
